<?xml version="1.0" encoding="UTF-8"?>
<!-- Generated by org.testng.reporters.JUnitReportReporter -->
<testsuite skipped="0" hostname="DESKTOP-KRINVH6" name="com.BELL.MouseOver" tests="1" failures="0" timestamp="11 Dec 2019 06:07:28 GMT" time="35.518" errors="0">
  <testcase name="mouseOver" time="35.518" classname="com.BELL.MouseOver"/>
</testsuite> <!-- com.BELL.MouseOver -->
