<?xml version="1.0" encoding="UTF-8"?>
<!-- Generated by org.testng.reporters.JUnitReportReporter -->
<testsuite skipped="0" hostname="DESKTOP-KRINVH6" name="com.BELL.Example1" tests="1" failures="0" timestamp="09 Dec 2019 14:04:59 GMT" time="34.485" errors="0">
  <testcase name="enterDataITextField" time="34.485" classname="com.BELL.Example1"/>
</testsuite> <!-- com.BELL.Example1 -->
