<?xml version="1.0" encoding="UTF-8"?>
<!-- Generated by org.testng.reporters.JUnitReportReporter -->
<testsuite skipped="0" hostname="DESKTOP-KRINVH6" name="com.BELL.Example2" tests="1" failures="0" timestamp="10 Dec 2019 05:48:03 GMT" time="15.919" errors="0">
  <testcase name="enterText" time="15.919" classname="com.BELL.Example2"/>
</testsuite> <!-- com.BELL.Example2 -->
