<?xml version="1.0" encoding="UTF-8"?>
<!-- Generated by org.testng.reporters.JUnitReportReporter -->
<testsuite skipped="0" hostname="DESKTOP-KRINVH6" name="sumit1.ReviewTest" tests="1" failures="0" timestamp="05 Jan 2020 17:29:11 GMT" time="113.064" errors="0">
  <testcase name="ClubMahindraHotels" time="113.064" classname="sumit1.ReviewTest"/>
</testsuite> <!-- sumit1.ReviewTest -->
