<?xml version="1.0" encoding="UTF-8"?>
<!-- Generated by org.testng.reporters.JUnitReportReporter -->
<testsuite skipped="0" hostname="DESKTOP-KRINVH6" name="sumit.PriceTest" tests="1" failures="0" timestamp="03 Jan 2020 09:49:00 GMT" time="103.064" errors="0">
  <testcase name="iphonepriceamazonflipkart" time="103.064" classname="sumit.PriceTest"/>
</testsuite> <!-- sumit.PriceTest -->
