<?xml version="1.0" encoding="UTF-8"?>
<!-- Generated by org.testng.reporters.JUnitReportReporter -->
<testsuite skipped="0" hostname="DESKTOP-KRINVH6" name="com.BELL.MultipleWindows1" tests="1" failures="0" timestamp="13 Dec 2019 07:59:56 GMT" time="27.984" errors="0">
  <testcase name="HandelingWindows" time="27.984" classname="com.BELL.MultipleWindows1"/>
</testsuite> <!-- com.BELL.MultipleWindows1 -->
